<?xml version="1.0" encoding="UTF-8"?>
<!-- Generated by org.testng.reporters.JUnitReportReporter -->
<testsuite hostname="DESKTOP-LLKFOT9" failures="0" tests="1" name="AppiumBasic.RunAndroidApp" time="14.695" errors="0" timestamp="2021-04-22T12:51:47 PDT" skipped="0">
  <testcase classname="AppiumBasic.RunAndroidApp" name="Operate_Android_Calculator" time="14.695"/>
  <system-out/>
</testsuite> <!-- AppiumBasic.RunAndroidApp -->
